<?xml version="1.0" encoding="UTF-8"?>
<testsuite xmlns:xsi="http://www.w3.org/2001/XMLSchema-instance" xsi:noNamespaceSchemaLocation="https://maven.apache.org/surefire/maven-surefire-plugin/xsd/surefire-test-report-3.0.xsd" version="3.0" name="TestSuite" time="2.135" tests="4" errors="0" skipped="0" failures="0">
  <properties>
    <property name="sun.desktop" value="windows"/>
    <property name="awt.toolkit" value="sun.awt.windows.WToolkit"/>
    <property name="file.encoding.pkg" value="sun.io"/>
    <property name="java.specification.version" value="1.8"/>
    <property name="sun.cpu.isalist" value="amd64"/>
    <property name="sun.jnu.encoding" value="Cp1252"/>
    <property name="java.class.path" value="C:\Users\POOJA\.jenkins\Project\target\test-classes;C:\Users\POOJA\.jenkins\Project\target\classes;C:\Users\POOJA\.m2\repository\junit\junit\3.8.1\junit-3.8.1.jar;C:\Users\POOJA\.m2\repository\org\seleniumhq\selenium\selenium-java\3.9.0\selenium-java-3.9.0.jar;C:\Users\POOJA\.m2\repository\org\seleniumhq\selenium\selenium-api\3.9.0\selenium-api-3.9.0.jar;C:\Users\POOJA\.m2\repository\org\seleniumhq\selenium\selenium-chrome-driver\3.9.0\selenium-chrome-driver-3.9.0.jar;C:\Users\POOJA\.m2\repository\org\seleniumhq\selenium\selenium-edge-driver\3.9.0\selenium-edge-driver-3.9.0.jar;C:\Users\POOJA\.m2\repository\org\seleniumhq\selenium\selenium-firefox-driver\3.9.0\selenium-firefox-driver-3.9.0.jar;C:\Users\POOJA\.m2\repository\org\seleniumhq\selenium\selenium-ie-driver\3.9.0\selenium-ie-driver-3.9.0.jar;C:\Users\POOJA\.m2\repository\org\seleniumhq\selenium\selenium-opera-driver\3.9.0\selenium-opera-driver-3.9.0.jar;C:\Users\POOJA\.m2\repository\org\seleniumhq\selenium\selenium-remote-driver\3.9.0\selenium-remote-driver-3.9.0.jar;C:\Users\POOJA\.m2\repository\org\seleniumhq\selenium\selenium-safari-driver\3.9.0\selenium-safari-driver-3.9.0.jar;C:\Users\POOJA\.m2\repository\org\seleniumhq\selenium\selenium-support\3.9.0\selenium-support-3.9.0.jar;C:\Users\POOJA\.m2\repository\net\bytebuddy\byte-buddy\1.7.9\byte-buddy-1.7.9.jar;C:\Users\POOJA\.m2\repository\org\apache\commons\commons-exec\1.3\commons-exec-1.3.jar;C:\Users\POOJA\.m2\repository\commons-codec\commons-codec\1.10\commons-codec-1.10.jar;C:\Users\POOJA\.m2\repository\commons-logging\commons-logging\1.2\commons-logging-1.2.jar;C:\Users\POOJA\.m2\repository\com\google\code\gson\gson\2.8.2\gson-2.8.2.jar;C:\Users\POOJA\.m2\repository\com\google\guava\guava\23.6-jre\guava-23.6-jre.jar;C:\Users\POOJA\.m2\repository\com\google\code\findbugs\jsr305\1.3.9\jsr305-1.3.9.jar;C:\Users\POOJA\.m2\repository\org\checkerframework\checker-compat-qual\2.0.0\checker-compat-qual-2.0.0.jar;C:\Users\POOJA\.m2\repository\com\google\errorprone\error_prone_annotations\2.1.3\error_prone_annotations-2.1.3.jar;C:\Users\POOJA\.m2\repository\com\google\j2objc\j2objc-annotations\1.1\j2objc-annotations-1.1.jar;C:\Users\POOJA\.m2\repository\org\codehaus\mojo\animal-sniffer-annotations\1.14\animal-sniffer-annotations-1.14.jar;C:\Users\POOJA\.m2\repository\org\apache\httpcomponents\httpclient\4.5.3\httpclient-4.5.3.jar;C:\Users\POOJA\.m2\repository\org\apache\httpcomponents\httpcore\4.4.6\httpcore-4.4.6.jar;C:\Users\POOJA\.m2\repository\com\squareup\okhttp3\okhttp\3.9.1\okhttp-3.9.1.jar;C:\Users\POOJA\.m2\repository\com\squareup\okio\okio\1.13.0\okio-1.13.0.jar;C:\Users\POOJA\.m2\repository\org\testng\testng\6.9.7\testng-6.9.7.jar;C:\Users\POOJA\.m2\repository\com\beust\jcommander\1.48\jcommander-1.48.jar;C:\Users\POOJA\.m2\repository\org\apache\ant\ant\1.7.0\ant-1.7.0.jar;C:\Users\POOJA\.m2\repository\org\apache\ant\ant-launcher\1.7.0\ant-launcher-1.7.0.jar;C:\Users\POOJA\.m2\repository\org\yaml\snakeyaml\1.15\snakeyaml-1.15.jar;C:\Users\POOJA\.m2\repository\org\beanshell\bsh\2.0b4\bsh-2.0b4.jar;C:\Users\POOJA\.m2\repository\io\rest-assured\rest-assured\4.2.0\rest-assured-4.2.0.jar;C:\Users\POOJA\.m2\repository\org\codehaus\groovy\groovy\2.5.8\groovy-2.5.8.jar;C:\Users\POOJA\.m2\repository\org\codehaus\groovy\groovy-xml\2.5.8\groovy-xml-2.5.8.jar;C:\Users\POOJA\.m2\repository\org\apache\httpcomponents\httpmime\4.5.3\httpmime-4.5.3.jar;C:\Users\POOJA\.m2\repository\org\hamcrest\hamcrest\2.1\hamcrest-2.1.jar;C:\Users\POOJA\.m2\repository\org\ccil\cowan\tagsoup\tagsoup\1.2.1\tagsoup-1.2.1.jar;C:\Users\POOJA\.m2\repository\io\rest-assured\json-path\4.2.0\json-path-4.2.0.jar;C:\Users\POOJA\.m2\repository\org\codehaus\groovy\groovy-json\2.5.8\groovy-json-2.5.8.jar;C:\Users\POOJA\.m2\repository\io\rest-assured\rest-assured-common\4.2.0\rest-assured-common-4.2.0.jar;C:\Users\POOJA\.m2\repository\io\rest-assured\xml-path\4.2.0\xml-path-4.2.0.jar;C:\Users\POOJA\.m2\repository\jakarta\xml\bind\jakarta.xml.bind-api\2.3.2\jakarta.xml.bind-api-2.3.2.jar;C:\Users\POOJA\.m2\repository\jakarta\activation\jakarta.activation-api\1.2.1\jakarta.activation-api-1.2.1.jar;C:\Users\POOJA\.m2\repository\com\sun\xml\bind\jaxb-osgi\2.3.0.1\jaxb-osgi-2.3.0.1.jar;C:\Users\POOJA\.m2\repository\org\apache\sling\org.apache.sling.javax.activation\0.1.0\org.apache.sling.javax.activation-0.1.0.jar;C:\Users\POOJA\.m2\repository\javax\activation\activation\1.1.1\activation-1.1.1.jar;C:\Users\POOJA\.m2\repository\io\appium\java-client\7.3.0\java-client-7.3.0.jar;C:\Users\POOJA\.m2\repository\cglib\cglib\3.2.12\cglib-3.2.12.jar;C:\Users\POOJA\.m2\repository\org\ow2\asm\asm\7.1\asm-7.1.jar;C:\Users\POOJA\.m2\repository\commons-validator\commons-validator\1.6\commons-validator-1.6.jar;C:\Users\POOJA\.m2\repository\commons-beanutils\commons-beanutils\1.9.2\commons-beanutils-1.9.2.jar;C:\Users\POOJA\.m2\repository\commons-digester\commons-digester\1.8.1\commons-digester-1.8.1.jar;C:\Users\POOJA\.m2\repository\commons-collections\commons-collections\3.2.2\commons-collections-3.2.2.jar;C:\Users\POOJA\.m2\repository\org\apache\commons\commons-lang3\3.9\commons-lang3-3.9.jar;C:\Users\POOJA\.m2\repository\commons-io\commons-io\2.6\commons-io-2.6.jar;C:\Users\POOJA\.m2\repository\org\springframework\spring-context\5.1.8.RELEASE\spring-context-5.1.8.RELEASE.jar;C:\Users\POOJA\.m2\repository\org\springframework\spring-aop\5.1.8.RELEASE\spring-aop-5.1.8.RELEASE.jar;C:\Users\POOJA\.m2\repository\org\springframework\spring-beans\5.1.8.RELEASE\spring-beans-5.1.8.RELEASE.jar;C:\Users\POOJA\.m2\repository\org\springframework\spring-core\5.1.8.RELEASE\spring-core-5.1.8.RELEASE.jar;C:\Users\POOJA\.m2\repository\org\springframework\spring-jcl\5.1.8.RELEASE\spring-jcl-5.1.8.RELEASE.jar;C:\Users\POOJA\.m2\repository\org\springframework\spring-expression\5.1.8.RELEASE\spring-expression-5.1.8.RELEASE.jar;C:\Users\POOJA\.m2\repository\org\aspectj\aspectjweaver\1.9.4\aspectjweaver-1.9.4.jar;C:\Users\POOJA\.m2\repository\org\slf4j\slf4j-api\1.7.26\slf4j-api-1.7.26.jar;C:\Users\POOJA\.m2\repository\org\apache\poi\poi-ooxml\4.1.0\poi-ooxml-4.1.0.jar;C:\Users\POOJA\.m2\repository\org\apache\poi\poi-ooxml-schemas\4.1.0\poi-ooxml-schemas-4.1.0.jar;C:\Users\POOJA\.m2\repository\org\apache\xmlbeans\xmlbeans\3.1.0\xmlbeans-3.1.0.jar;C:\Users\POOJA\.m2\repository\org\apache\commons\commons-compress\1.18\commons-compress-1.18.jar;C:\Users\POOJA\.m2\repository\com\github\virtuald\curvesapi\1.06\curvesapi-1.06.jar;C:\Users\POOJA\.m2\repository\org\apache\poi\poi\4.1.0\poi-4.1.0.jar;C:\Users\POOJA\.m2\repository\org\apache\commons\commons-collections4\4.3\commons-collections4-4.3.jar;C:\Users\POOJA\.m2\repository\org\apache\commons\commons-math3\3.6.1\commons-math3-3.6.1.jar;C:\Users\POOJA\.m2\repository\org\apache\logging\log4j\log4j-core\2.13.1\log4j-core-2.13.1.jar;C:\Users\POOJA\.m2\repository\org\apache\logging\log4j\log4j-api\2.13.1\log4j-api-2.13.1.jar;"/>
    <property name="java.vm.vendor" value="Oracle Corporation"/>
    <property name="sun.arch.data.model" value="64"/>
    <property name="user.variant" value=""/>
    <property name="java.vendor.url" value="http://java.oracle.com/"/>
    <property name="user.timezone" value="Asia/Calcutta"/>
    <property name="java.vm.specification.version" value="1.8"/>
    <property name="os.name" value="Windows 10"/>
    <property name="user.country" value="US"/>
    <property name="sun.java.launcher" value="SUN_STANDARD"/>
    <property name="sun.boot.library.path" value="C:\Program Files\Java\jdk1.8.0_202\jre\bin"/>
    <property name="sun.java.command" value="C:\Users\POOJA\AppData\Local\Temp\surefire5946284130840247673\surefirebooter1859874277251019570.jar C:\Users\POOJA\AppData\Local\Temp\surefire5946284130840247673 2020-07-05T13-48-37_646-jvmRun1 surefire8491866935958230656tmp surefire_07109829920768097095tmp"/>
    <property name="surefire.test.class.path" value="C:\Users\POOJA\.jenkins\Project\target\test-classes;C:\Users\POOJA\.jenkins\Project\target\classes;C:\Users\POOJA\.m2\repository\junit\junit\3.8.1\junit-3.8.1.jar;C:\Users\POOJA\.m2\repository\org\seleniumhq\selenium\selenium-java\3.9.0\selenium-java-3.9.0.jar;C:\Users\POOJA\.m2\repository\org\seleniumhq\selenium\selenium-api\3.9.0\selenium-api-3.9.0.jar;C:\Users\POOJA\.m2\repository\org\seleniumhq\selenium\selenium-chrome-driver\3.9.0\selenium-chrome-driver-3.9.0.jar;C:\Users\POOJA\.m2\repository\org\seleniumhq\selenium\selenium-edge-driver\3.9.0\selenium-edge-driver-3.9.0.jar;C:\Users\POOJA\.m2\repository\org\seleniumhq\selenium\selenium-firefox-driver\3.9.0\selenium-firefox-driver-3.9.0.jar;C:\Users\POOJA\.m2\repository\org\seleniumhq\selenium\selenium-ie-driver\3.9.0\selenium-ie-driver-3.9.0.jar;C:\Users\POOJA\.m2\repository\org\seleniumhq\selenium\selenium-opera-driver\3.9.0\selenium-opera-driver-3.9.0.jar;C:\Users\POOJA\.m2\repository\org\seleniumhq\selenium\selenium-remote-driver\3.9.0\selenium-remote-driver-3.9.0.jar;C:\Users\POOJA\.m2\repository\org\seleniumhq\selenium\selenium-safari-driver\3.9.0\selenium-safari-driver-3.9.0.jar;C:\Users\POOJA\.m2\repository\org\seleniumhq\selenium\selenium-support\3.9.0\selenium-support-3.9.0.jar;C:\Users\POOJA\.m2\repository\net\bytebuddy\byte-buddy\1.7.9\byte-buddy-1.7.9.jar;C:\Users\POOJA\.m2\repository\org\apache\commons\commons-exec\1.3\commons-exec-1.3.jar;C:\Users\POOJA\.m2\repository\commons-codec\commons-codec\1.10\commons-codec-1.10.jar;C:\Users\POOJA\.m2\repository\commons-logging\commons-logging\1.2\commons-logging-1.2.jar;C:\Users\POOJA\.m2\repository\com\google\code\gson\gson\2.8.2\gson-2.8.2.jar;C:\Users\POOJA\.m2\repository\com\google\guava\guava\23.6-jre\guava-23.6-jre.jar;C:\Users\POOJA\.m2\repository\com\google\code\findbugs\jsr305\1.3.9\jsr305-1.3.9.jar;C:\Users\POOJA\.m2\repository\org\checkerframework\checker-compat-qual\2.0.0\checker-compat-qual-2.0.0.jar;C:\Users\POOJA\.m2\repository\com\google\errorprone\error_prone_annotations\2.1.3\error_prone_annotations-2.1.3.jar;C:\Users\POOJA\.m2\repository\com\google\j2objc\j2objc-annotations\1.1\j2objc-annotations-1.1.jar;C:\Users\POOJA\.m2\repository\org\codehaus\mojo\animal-sniffer-annotations\1.14\animal-sniffer-annotations-1.14.jar;C:\Users\POOJA\.m2\repository\org\apache\httpcomponents\httpclient\4.5.3\httpclient-4.5.3.jar;C:\Users\POOJA\.m2\repository\org\apache\httpcomponents\httpcore\4.4.6\httpcore-4.4.6.jar;C:\Users\POOJA\.m2\repository\com\squareup\okhttp3\okhttp\3.9.1\okhttp-3.9.1.jar;C:\Users\POOJA\.m2\repository\com\squareup\okio\okio\1.13.0\okio-1.13.0.jar;C:\Users\POOJA\.m2\repository\org\testng\testng\6.9.7\testng-6.9.7.jar;C:\Users\POOJA\.m2\repository\com\beust\jcommander\1.48\jcommander-1.48.jar;C:\Users\POOJA\.m2\repository\org\apache\ant\ant\1.7.0\ant-1.7.0.jar;C:\Users\POOJA\.m2\repository\org\apache\ant\ant-launcher\1.7.0\ant-launcher-1.7.0.jar;C:\Users\POOJA\.m2\repository\org\yaml\snakeyaml\1.15\snakeyaml-1.15.jar;C:\Users\POOJA\.m2\repository\org\beanshell\bsh\2.0b4\bsh-2.0b4.jar;C:\Users\POOJA\.m2\repository\io\rest-assured\rest-assured\4.2.0\rest-assured-4.2.0.jar;C:\Users\POOJA\.m2\repository\org\codehaus\groovy\groovy\2.5.8\groovy-2.5.8.jar;C:\Users\POOJA\.m2\repository\org\codehaus\groovy\groovy-xml\2.5.8\groovy-xml-2.5.8.jar;C:\Users\POOJA\.m2\repository\org\apache\httpcomponents\httpmime\4.5.3\httpmime-4.5.3.jar;C:\Users\POOJA\.m2\repository\org\hamcrest\hamcrest\2.1\hamcrest-2.1.jar;C:\Users\POOJA\.m2\repository\org\ccil\cowan\tagsoup\tagsoup\1.2.1\tagsoup-1.2.1.jar;C:\Users\POOJA\.m2\repository\io\rest-assured\json-path\4.2.0\json-path-4.2.0.jar;C:\Users\POOJA\.m2\repository\org\codehaus\groovy\groovy-json\2.5.8\groovy-json-2.5.8.jar;C:\Users\POOJA\.m2\repository\io\rest-assured\rest-assured-common\4.2.0\rest-assured-common-4.2.0.jar;C:\Users\POOJA\.m2\repository\io\rest-assured\xml-path\4.2.0\xml-path-4.2.0.jar;C:\Users\POOJA\.m2\repository\jakarta\xml\bind\jakarta.xml.bind-api\2.3.2\jakarta.xml.bind-api-2.3.2.jar;C:\Users\POOJA\.m2\repository\jakarta\activation\jakarta.activation-api\1.2.1\jakarta.activation-api-1.2.1.jar;C:\Users\POOJA\.m2\repository\com\sun\xml\bind\jaxb-osgi\2.3.0.1\jaxb-osgi-2.3.0.1.jar;C:\Users\POOJA\.m2\repository\org\apache\sling\org.apache.sling.javax.activation\0.1.0\org.apache.sling.javax.activation-0.1.0.jar;C:\Users\POOJA\.m2\repository\javax\activation\activation\1.1.1\activation-1.1.1.jar;C:\Users\POOJA\.m2\repository\io\appium\java-client\7.3.0\java-client-7.3.0.jar;C:\Users\POOJA\.m2\repository\cglib\cglib\3.2.12\cglib-3.2.12.jar;C:\Users\POOJA\.m2\repository\org\ow2\asm\asm\7.1\asm-7.1.jar;C:\Users\POOJA\.m2\repository\commons-validator\commons-validator\1.6\commons-validator-1.6.jar;C:\Users\POOJA\.m2\repository\commons-beanutils\commons-beanutils\1.9.2\commons-beanutils-1.9.2.jar;C:\Users\POOJA\.m2\repository\commons-digester\commons-digester\1.8.1\commons-digester-1.8.1.jar;C:\Users\POOJA\.m2\repository\commons-collections\commons-collections\3.2.2\commons-collections-3.2.2.jar;C:\Users\POOJA\.m2\repository\org\apache\commons\commons-lang3\3.9\commons-lang3-3.9.jar;C:\Users\POOJA\.m2\repository\commons-io\commons-io\2.6\commons-io-2.6.jar;C:\Users\POOJA\.m2\repository\org\springframework\spring-context\5.1.8.RELEASE\spring-context-5.1.8.RELEASE.jar;C:\Users\POOJA\.m2\repository\org\springframework\spring-aop\5.1.8.RELEASE\spring-aop-5.1.8.RELEASE.jar;C:\Users\POOJA\.m2\repository\org\springframework\spring-beans\5.1.8.RELEASE\spring-beans-5.1.8.RELEASE.jar;C:\Users\POOJA\.m2\repository\org\springframework\spring-core\5.1.8.RELEASE\spring-core-5.1.8.RELEASE.jar;C:\Users\POOJA\.m2\repository\org\springframework\spring-jcl\5.1.8.RELEASE\spring-jcl-5.1.8.RELEASE.jar;C:\Users\POOJA\.m2\repository\org\springframework\spring-expression\5.1.8.RELEASE\spring-expression-5.1.8.RELEASE.jar;C:\Users\POOJA\.m2\repository\org\aspectj\aspectjweaver\1.9.4\aspectjweaver-1.9.4.jar;C:\Users\POOJA\.m2\repository\org\slf4j\slf4j-api\1.7.26\slf4j-api-1.7.26.jar;C:\Users\POOJA\.m2\repository\org\apache\poi\poi-ooxml\4.1.0\poi-ooxml-4.1.0.jar;C:\Users\POOJA\.m2\repository\org\apache\poi\poi-ooxml-schemas\4.1.0\poi-ooxml-schemas-4.1.0.jar;C:\Users\POOJA\.m2\repository\org\apache\xmlbeans\xmlbeans\3.1.0\xmlbeans-3.1.0.jar;C:\Users\POOJA\.m2\repository\org\apache\commons\commons-compress\1.18\commons-compress-1.18.jar;C:\Users\POOJA\.m2\repository\com\github\virtuald\curvesapi\1.06\curvesapi-1.06.jar;C:\Users\POOJA\.m2\repository\org\apache\poi\poi\4.1.0\poi-4.1.0.jar;C:\Users\POOJA\.m2\repository\org\apache\commons\commons-collections4\4.3\commons-collections4-4.3.jar;C:\Users\POOJA\.m2\repository\org\apache\commons\commons-math3\3.6.1\commons-math3-3.6.1.jar;C:\Users\POOJA\.m2\repository\org\apache\logging\log4j\log4j-core\2.13.1\log4j-core-2.13.1.jar;C:\Users\POOJA\.m2\repository\org\apache\logging\log4j\log4j-api\2.13.1\log4j-api-2.13.1.jar;"/>
    <property name="sun.cpu.endian" value="little"/>
    <property name="user.home" value="C:\Users\POOJA"/>
    <property name="user.language" value="en"/>
    <property name="java.specification.vendor" value="Oracle Corporation"/>
    <property name="java.home" value="C:\Program Files\Java\jdk1.8.0_202\jre"/>
    <property name="basedir" value="C:\Users\POOJA\.jenkins\Project"/>
    <property name="file.separator" value="\"/>
    <property name="line.separator" value="&#10;"/>
    <property name="java.vm.specification.vendor" value="Oracle Corporation"/>
    <property name="java.specification.name" value="Java Platform API Specification"/>
    <property name="java.awt.graphicsenv" value="sun.awt.Win32GraphicsEnvironment"/>
    <property name="surefire.real.class.path" value="C:\Users\POOJA\AppData\Local\Temp\surefire5946284130840247673\surefirebooter1859874277251019570.jar"/>
    <property name="sun.boot.class.path" value="C:\Program Files\Java\jdk1.8.0_202\jre\lib\resources.jar;C:\Program Files\Java\jdk1.8.0_202\jre\lib\rt.jar;C:\Program Files\Java\jdk1.8.0_202\jre\lib\sunrsasign.jar;C:\Program Files\Java\jdk1.8.0_202\jre\lib\jsse.jar;C:\Program Files\Java\jdk1.8.0_202\jre\lib\jce.jar;C:\Program Files\Java\jdk1.8.0_202\jre\lib\charsets.jar;C:\Program Files\Java\jdk1.8.0_202\jre\lib\jfr.jar;C:\Program Files\Java\jdk1.8.0_202\jre\classes"/>
    <property name="user.script" value=""/>
    <property name="sun.management.compiler" value="HotSpot 64-Bit Tiered Compilers"/>
    <property name="java.runtime.version" value="1.8.0_202-b08"/>
    <property name="user.name" value="POOJA"/>
    <property name="path.separator" value=";"/>
    <property name="os.version" value="10.0"/>
    <property name="java.endorsed.dirs" value="C:\Program Files\Java\jdk1.8.0_202\jre\lib\endorsed"/>
    <property name="java.runtime.name" value="Java(TM) SE Runtime Environment"/>
    <property name="file.encoding" value="Cp1252"/>
    <property name="java.vm.name" value="Java HotSpot(TM) 64-Bit Server VM"/>
    <property name="localRepository" value="C:\Users\POOJA\.m2\repository"/>
    <property name="java.vendor.url.bug" value="http://bugreport.sun.com/bugreport/"/>
    <property name="java.io.tmpdir" value="C:\Users\POOJA\AppData\Local\Temp\"/>
    <property name="java.version" value="1.8.0_202"/>
    <property name="user.dir" value="C:\Users\POOJA\.jenkins\Project"/>
    <property name="os.arch" value="amd64"/>
    <property name="java.vm.specification.name" value="Java Virtual Machine Specification"/>
    <property name="java.awt.printerjob" value="sun.awt.windows.WPrinterJob"/>
    <property name="sun.os.patch.level" value=""/>
    <property name="java.library.path" value="C:\Program Files\Java\jdk1.8.0_202\jre\bin;C:\WINDOWS\Sun\Java\bin;C:\WINDOWS\system32;C:\WINDOWS;C:\Program Files\apache-maven-3.6.3-bin\apache-maven-3.6.3/bin;C:\Program Files\Java\jdk1.8.0_202/bin;C:\Program Files\Java\jdk1.8.0_202/bin;C:\Program Files (x86)\Common Files\Oracle\Java\javapath;C:\WINDOWS\system32;C:\WINDOWS;C:\WINDOWS\System32\Wbem;C:\WINDOWS\System32\WindowsPowerShell\v1.0\;C:\WINDOWS\System32\OpenSSH\;C:\Program Files\Java\jdk1.8.0_202\bin;C:\Program Files\apache-maven-3.6.3-bin\apache-maven-3.6.3\bin;C:\Users\POOJA\AppData\Local\Microsoft\WindowsApps;;."/>
    <property name="java.vm.info" value="mixed mode"/>
    <property name="java.vendor" value="Oracle Corporation"/>
    <property name="java.vm.version" value="25.202-b08"/>
    <property name="java.ext.dirs" value="C:\Program Files\Java\jdk1.8.0_202\jre\lib\ext;C:\WINDOWS\Sun\Java\lib\ext"/>
    <property name="sun.io.unicode.encoding" value="UnicodeLittle"/>
    <property name="java.class.version" value="52.0"/>
  </properties>
  <testcase name="browserAutomation" classname="test.Selenium_Test" time="0.015"/>
  <testcase name="elementsUi" classname="test.Selenium_Test" time="0.016"/>
  <testcase name="androidApp" classname="test.Appium_Test" time="0"/>
  <testcase name="iosApp" classname="test.Appium_Test" time="0"/>
</testsuite>