<?xml version="1.0" encoding="UTF-8"?>
<!-- Generated by org.testng.reporters.JUnitReportReporter -->
<testsuite skipped="0" hostname="POOJA-PC" name="repository.LoginApp" tests="1" failures="0" timestamp="2020-07-04T15:03:33 IST" time="9.072" errors="0">
  <testcase name="login" time="9.072" classname="repository.LoginApp"/>
  <system-out/>
</testsuite> <!-- repository.LoginApp -->
