<?xml version="1.0" encoding="UTF-8"?>
<!-- Generated by org.testng.reporters.JUnitReportReporter -->
<testsuite skipped="0" hostname="POOJA-PC" name="test.Selenium_Test" tests="2" failures="0" timestamp="2020-07-04T18:36:20 IST" time="0.012" errors="0">
  <testcase name="browserAutomation" time="0.012" classname="test.Selenium_Test"/>
  <system-out/>
  <testcase name="elementsUi" time="0.000" classname="test.Selenium_Test"/>
  <system-out/>
</testsuite> <!-- test.Selenium_Test -->
