<?xml version="1.0" encoding="UTF-8"?>
<!-- Generated by org.testng.reporters.JUnitReportReporter -->
<testsuite skipped="0" hostname="POOJA-PC" name="test.RestApi_Test" tests="2" failures="0" timestamp="2020-07-04T18:35:10 IST" time="0.012" errors="0">
  <testcase name="deleteTwitt" time="0.007" classname="test.RestApi_Test"/>
  <system-out/>
  <testcase name="postJira" time="0.005" classname="test.RestApi_Test"/>
  <system-out/>
</testsuite> <!-- test.RestApi_Test -->
