<?xml version="1.0" encoding="UTF-8"?>
<!-- Generated by org.testng.reporters.JUnitReportReporter -->
<testsuite skipped="0" hostname="POOJA-PC" name="test.Appium_Test" tests="2" failures="0" timestamp="2020-07-04T18:36:20 IST" time="0.004" errors="0">
  <testcase name="iosApp" time="0.002" classname="test.Appium_Test"/>
  <system-out/>
  <testcase name="androidApp" time="0.002" classname="test.Appium_Test"/>
  <system-out/>
</testsuite> <!-- test.Appium_Test -->
