<?xml version="1.0" encoding="UTF-8"?>
<!-- Generated by org.testng.reporters.JUnitReportReporter -->
<testsuite hostname="POOJA-PC" name="test.Appium_Test" tests="2" failures="0" timestamp="5 Jul 2020 08:18:41 GMT" time="0.000" errors="0">
  <testcase name="androidApp" time="0.000" classname="test.Appium_Test"/>
  <testcase name="iosApp" time="0.000" classname="test.Appium_Test"/>
</testsuite> <!-- test.Appium_Test -->
