<?xml version="1.0" encoding="UTF-8"?>
<!-- Generated by org.testng.reporters.JUnitReportReporter -->
<testsuite hostname="POOJA-PC" name="test.Selenium_Test" tests="2" failures="0" timestamp="5 Jul 2020 08:18:41 GMT" time="0.062" errors="0">
  <testcase name="browserAutomation" time="0.015" classname="test.Selenium_Test"/>
  <testcase name="elementsUi" time="0.047" classname="test.Selenium_Test"/>
</testsuite> <!-- test.Selenium_Test -->
